10:58:06:191  INFO 27128 --- [main] com.hmall.pay.PayApplication             : Starting PayApplication using Java 19.0.2 on DESKTOP-CFGLDVE with PID 27128 (D:\workspace\XiangMuBao\hmall_bao\hmall\pay-service\target\classes started by Lenovo in D:\workspace\XiangMuBao\hmall_bao\hmall)
10:58:06:192 DEBUG 27128 --- [main] com.hmall.pay.PayApplication             : Running with Spring Boot v2.7.12, Spring v5.3.27
10:58:06:193  INFO 27128 --- [main] com.hmall.pay.PayApplication             : The following 1 profile is active: "local"
10:58:07:032  INFO 27128 --- [main] o.s.cloud.context.scope.GenericScope     : BeanFactory id=2e95566c-457e-32c7-a664-122148250fcb
10:58:07:378  INFO 27128 --- [main] o.s.b.w.embedded.tomcat.TomcatWebServer  : Tomcat initialized with port(s): 8086 (http)
10:58:07:386  INFO 27128 --- [main] o.apache.catalina.core.StandardService   : Starting service [Tomcat]
10:58:07:386  INFO 27128 --- [main] org.apache.catalina.core.StandardEngine  : Starting Servlet engine: [Apache Tomcat/9.0.75]
10:58:07:508  INFO 27128 --- [main] o.a.c.c.C.[Tomcat].[localhost].[/]       : Initializing Spring embedded WebApplicationContext
10:58:07:508  INFO 27128 --- [main] w.s.c.ServletWebServerApplicationContext : Root WebApplicationContext: initialization completed in 1274 ms
10:58:07:669  INFO 27128 --- [main] o.s.c.openfeign.FeignClientFactoryBean   : For 'user-service' URL not provided. Will try picking an instance via load-balancing.
10:58:07:710  INFO 27128 --- [main] o.s.c.openfeign.FeignClientFactoryBean   : For 'trade-service' URL not provided. Will try picking an instance via load-balancing.
10:58:08:596  INFO 27128 --- [main] pertySourcedRequestMappingHandlerMapping : Mapped URL path [/v2/api-docs] onto method [springfox.documentation.swagger2.web.Swagger2ControllerWebMvc#getDocumentation(String, HttpServletRequest)]
10:58:08:990  INFO 27128 --- [main] com.alibaba.nacos.common.remote.client   : [RpcClientFactory] create a new rpc client of bb03368a-940e-4c24-bb6e-34c2ad7a4677
10:58:09:044  INFO 27128 --- [main] org.reflections.Reflections              : Reflections took 24 ms to scan 1 urls, producing 3 keys and 6 values 
10:58:09:065  INFO 27128 --- [main] org.reflections.Reflections              : Reflections took 9 ms to scan 1 urls, producing 4 keys and 9 values 
10:58:09:072  INFO 27128 --- [main] org.reflections.Reflections              : Reflections took 5 ms to scan 1 urls, producing 3 keys and 10 values 
10:58:09:073  WARN 27128 --- [main] org.reflections.Reflections              : given scan urls are empty. set urls in the configuration
10:58:09:077  INFO 27128 --- [main] org.reflections.Reflections              : Reflections took 3 ms to scan 1 urls, producing 1 keys and 5 values 
10:58:09:082  INFO 27128 --- [main] org.reflections.Reflections              : Reflections took 4 ms to scan 1 urls, producing 1 keys and 7 values 
10:58:09:087  INFO 27128 --- [main] org.reflections.Reflections              : Reflections took 4 ms to scan 1 urls, producing 2 keys and 8 values 
10:58:09:088  WARN 27128 --- [main] org.reflections.Reflections              : given scan urls are empty. set urls in the configuration
10:58:09:089  INFO 27128 --- [main] com.alibaba.nacos.common.remote.client   : [bb03368a-940e-4c24-bb6e-34c2ad7a4677] RpcClient init label, labels = {module=naming, source=sdk}
10:58:09:092  INFO 27128 --- [main] com.alibaba.nacos.common.remote.client   : [bb03368a-940e-4c24-bb6e-34c2ad7a4677] RpcClient init, ServerListFactory = com.alibaba.nacos.client.naming.core.ServerListManager
10:58:09:092  INFO 27128 --- [main] com.alibaba.nacos.common.remote.client   : [bb03368a-940e-4c24-bb6e-34c2ad7a4677] Registry connection listener to current client:com.alibaba.nacos.client.naming.remote.gprc.redo.NamingGrpcRedoService
10:58:09:092  INFO 27128 --- [main] com.alibaba.nacos.common.remote.client   : [bb03368a-940e-4c24-bb6e-34c2ad7a4677] Register server push request handler:com.alibaba.nacos.client.naming.remote.gprc.NamingPushRequestHandler
10:58:09:093  INFO 27128 --- [main] com.alibaba.nacos.common.remote.client   : [bb03368a-940e-4c24-bb6e-34c2ad7a4677] Try to connect to server on start up, server: {serverIp = '192.168.1.144', server main port = 8848}
10:58:10:127  INFO 27128 --- [main] com.alibaba.nacos.common.remote.client   : [bb03368a-940e-4c24-bb6e-34c2ad7a4677] Success to connect to server [192.168.1.144:8848] on start up, connectionId = 1755053889917_192.168.1.117_53632
10:58:10:128  INFO 27128 --- [com.alibaba.nacos.client.remote.worker] com.alibaba.nacos.common.remote.client   : [bb03368a-940e-4c24-bb6e-34c2ad7a4677] Notify connected event to listeners.
10:58:10:128  INFO 27128 --- [main] com.alibaba.nacos.common.remote.client   : [bb03368a-940e-4c24-bb6e-34c2ad7a4677] Register server push request handler:com.alibaba.nacos.common.remote.client.RpcClient$ConnectResetRequestHandler
10:58:10:128  INFO 27128 --- [main] com.alibaba.nacos.common.remote.client   : [bb03368a-940e-4c24-bb6e-34c2ad7a4677] Register server push request handler:com.alibaba.nacos.common.remote.client.RpcClient$$Lambda$1004/0x0000000801786388
10:58:10:201  INFO 27128 --- [main] o.s.b.w.embedded.tomcat.TomcatWebServer  : Tomcat started on port(s): 8086 (http) with context path ''
10:58:10:232  INFO 27128 --- [main] c.a.c.n.registry.NacosServiceRegistry    : nacos registry, DEFAULT_GROUP pay-service 192.168.1.1:8086 register finished
10:58:10:473  INFO 27128 --- [main] d.s.w.p.DocumentationPluginsBootstrapper : Documentation plugins bootstrapped
10:58:10:475  INFO 27128 --- [main] d.s.w.p.DocumentationPluginsBootstrapper : Found 1 custom documentation plugin(s)
10:58:10:491  INFO 27128 --- [main] s.d.s.w.s.ApiListingReferenceScanner     : Scanning for api listing references
10:58:10:583  INFO 27128 --- [main] com.hmall.pay.PayApplication             : Started PayApplication in 5.161 seconds (JVM running for 5.851)
10:58:10:707  INFO 27128 --- [nacos-grpc-client-executor-8] com.alibaba.nacos.common.remote.client   : [bb03368a-940e-4c24-bb6e-34c2ad7a4677] Receive server push request, request = NotifySubscriberRequest, requestId = 5
10:58:10:711  INFO 27128 --- [nacos-grpc-client-executor-8] com.alibaba.nacos.common.remote.client   : [bb03368a-940e-4c24-bb6e-34c2ad7a4677] Ack server push request, request = NotifySubscriberRequest, requestId = 5
10:58:13:016  INFO 27128 --- [http-nio-8086-exec-1] o.a.c.c.C.[Tomcat].[localhost].[/]       : Initializing Spring DispatcherServlet 'dispatcherServlet'
10:58:13:016  INFO 27128 --- [http-nio-8086-exec-1] o.s.web.servlet.DispatcherServlet        : Initializing Servlet 'dispatcherServlet'
10:58:13:017  INFO 27128 --- [http-nio-8086-exec-1] o.s.web.servlet.DispatcherServlet        : Completed initialization in 1 ms
10:59:32:440  INFO 27128 --- [http-nio-8086-exec-1] com.zaxxer.hikari.HikariDataSource       : HikariPool-1 - Starting...
10:59:33:408  INFO 27128 --- [http-nio-8086-exec-1] com.zaxxer.hikari.HikariDataSource       : HikariPool-1 - Start completed.
10:59:33:415 DEBUG 27128 --- [http-nio-8086-exec-1] c.h.p.mapper.PayOrderMapper.selectList   : ==>  Preparing: SELECT id,biz_order_no,pay_order_no,biz_user_id,pay_channel_code,amount,pay_type,status,expand_json,result_code,result_msg,pay_success_time,pay_over_time,qr_code_url,create_time,update_time,creater,updater,is_delete FROM pay_order
10:59:33:433 DEBUG 27128 --- [http-nio-8086-exec-1] c.h.p.mapper.PayOrderMapper.selectList   : ==> Parameters: 
10:59:33:766 DEBUG 27128 --- [http-nio-8086-exec-1] c.h.p.mapper.PayOrderMapper.selectList   : <==      Total: 2
11:03:59:351  WARN 27128 --- [Thread-7] c.a.n.common.http.HttpClientBeanHolder   : [HttpClientBeanHolder] Start destroying common HttpClient
11:03:59:351  WARN 27128 --- [Thread-4] c.a.nacos.common.notify.NotifyCenter     : [NotifyCenter] Start destroying Publisher
11:03:59:352  WARN 27128 --- [Thread-4] c.a.nacos.common.notify.NotifyCenter     : [NotifyCenter] Destruction of the end
11:03:59:352  WARN 27128 --- [Thread-7] c.a.n.common.http.HttpClientBeanHolder   : [HttpClientBeanHolder] Destruction of the end
11:03:59:385  INFO 27128 --- [SpringApplicationShutdownHook] c.a.c.n.registry.NacosServiceRegistry    : De-registering from Nacos Server now...
11:03:59:389  INFO 27128 --- [SpringApplicationShutdownHook] c.a.c.n.registry.NacosServiceRegistry    : De-registration finished.
11:03:59:720  INFO 27128 --- [SpringApplicationShutdownHook] com.alibaba.nacos.common.remote.client   : Shutdown rpc client, set status to shutdown
11:03:59:720  INFO 27128 --- [SpringApplicationShutdownHook] com.alibaba.nacos.common.remote.client   : Shutdown client event executor java.util.concurrent.ScheduledThreadPoolExecutor@577cf459[Running, pool size = 2, active threads = 2, queued tasks = 0, completed tasks = 0]
11:03:59:720  INFO 27128 --- [SpringApplicationShutdownHook] com.alibaba.nacos.common.remote.client   : Close current connection 1755053889917_192.168.1.117_53632
11:03:59:725  INFO 27128 --- [nacos-grpc-client-executor-97] c.a.n.c.remote.client.grpc.GrpcClient    : [1755053889917_192.168.1.117_53632]Ignore complete event,isRunning:false,isAbandon=false
11:03:59:727  INFO 27128 --- [SpringApplicationShutdownHook] c.a.n.c.remote.client.grpc.GrpcClient    : Shutdown grpc executor java.util.concurrent.ThreadPoolExecutor@3dbbed3e[Running, pool size = 6, active threads = 0, queued tasks = 0, completed tasks = 98]
11:03:59:729  INFO 27128 --- [SpringApplicationShutdownHook] com.zaxxer.hikari.HikariDataSource       : HikariPool-1 - Shutdown initiated...
11:03:59:756  INFO 27128 --- [SpringApplicationShutdownHook] com.zaxxer.hikari.HikariDataSource       : HikariPool-1 - Shutdown completed.
