16:08:06:691  INFO 27836 --- [main] com.hmall.HMallApplication               : Starting HMallApplication using Java 19.0.2 on DESKTOP-CFGLDVE with PID 27836 (D:\workspace\XiangMuBao\hmall_bao\hmall\hm-service\target\classes started by Lenovo in D:\workspace\XiangMuBao\hmall_bao\hmall)
16:08:06:697 DEBUG 27836 --- [main] com.hmall.HMallApplication               : Running with Spring Boot v2.7.12, Spring v5.3.27
16:08:06:697  INFO 27836 --- [main] com.hmall.HMallApplication               : The following 1 profile is active: "local"
16:08:07:260  INFO 27836 --- [main] .s.d.r.c.RepositoryConfigurationDelegate : Multiple Spring Data modules found, entering strict repository configuration mode
16:08:07:262  INFO 27836 --- [main] .s.d.r.c.RepositoryConfigurationDelegate : Bootstrapping Spring Data Redis repositories in DEFAULT mode.
16:08:07:282  INFO 27836 --- [main] .s.d.r.c.RepositoryConfigurationDelegate : Finished Spring Data repository scanning in 9 ms. Found 0 Redis repository interfaces.
16:08:07:699  INFO 27836 --- [main] o.s.b.w.embedded.tomcat.TomcatWebServer  : Tomcat initialized with port(s): 8080 (http)
16:08:07:705  INFO 27836 --- [main] o.apache.catalina.core.StandardService   : Starting service [Tomcat]
16:08:07:705  INFO 27836 --- [main] org.apache.catalina.core.StandardEngine  : Starting Servlet engine: [Apache Tomcat/9.0.75]
16:08:07:821  INFO 27836 --- [main] o.a.c.c.C.[Tomcat].[localhost].[/]       : Initializing Spring embedded WebApplicationContext
16:08:07:822  INFO 27836 --- [main] w.s.c.ServletWebServerApplicationContext : Root WebApplicationContext: initialization completed in 1088 ms
16:08:08:928  INFO 27836 --- [main] pertySourcedRequestMappingHandlerMapping : Mapped URL path [/v2/api-docs] onto method [springfox.documentation.swagger2.web.Swagger2ControllerWebMvc#getDocumentation(String, HttpServletRequest)]
16:08:09:194  INFO 27836 --- [main] o.s.b.w.embedded.tomcat.TomcatWebServer  : Tomcat started on port(s): 8080 (http) with context path ''
16:08:09:194  INFO 27836 --- [main] d.s.w.p.DocumentationPluginsBootstrapper : Documentation plugins bootstrapped
16:08:09:196  INFO 27836 --- [main] d.s.w.p.DocumentationPluginsBootstrapper : Found 1 custom documentation plugin(s)
16:08:09:219  INFO 27836 --- [main] s.d.s.w.s.ApiListingReferenceScanner     : Scanning for api listing references
16:08:09:340  INFO 27836 --- [main] com.hmall.HMallApplication               : Started HMallApplication in 2.925 seconds (JVM running for 3.423)
16:17:27:824  INFO 27836 --- [http-nio-8080-exec-1] o.a.c.c.C.[Tomcat].[localhost].[/]       : Initializing Spring DispatcherServlet 'dispatcherServlet'
16:17:27:825  INFO 27836 --- [http-nio-8080-exec-1] o.s.web.servlet.DispatcherServlet        : Initializing Servlet 'dispatcherServlet'
16:17:27:826  INFO 27836 --- [http-nio-8080-exec-1] o.s.web.servlet.DispatcherServlet        : Completed initialization in 1 ms
16:17:27:945  WARN 27836 --- [http-nio-8080-exec-1] c.b.m.c.t.support.ReflectLambdaMeta      : Unable to make field private final java.lang.Class java.lang.invoke.SerializedLambda.capturingClass accessible: module java.base does not "opens java.lang.invoke" to unnamed module @1165b38
16:17:27:957  INFO 27836 --- [http-nio-8080-exec-1] com.zaxxer.hikari.HikariDataSource       : HikariPool-1 - Starting...
16:17:28:327  INFO 27836 --- [http-nio-8080-exec-1] com.zaxxer.hikari.HikariDataSource       : HikariPool-1 - Start completed.
16:17:28:333 DEBUG 27836 --- [http-nio-8080-exec-1] com.hmall.mapper.UserMapper.selectList   : ==>  Preparing: SELECT id,username,password,phone,create_time,update_time,status,balance FROM user WHERE (username = ?)
16:17:28:351 DEBUG 27836 --- [http-nio-8080-exec-1] com.hmall.mapper.UserMapper.selectList   : ==> Parameters: jack(String)
16:17:28:570 DEBUG 27836 --- [http-nio-8080-exec-1] com.hmall.mapper.UserMapper.selectList   : <==      Total: 1
16:17:28:875 DEBUG 27836 --- [http-nio-8080-exec-3] com.hmall.mapper.CartMapper.selectList   : ==>  Preparing: SELECT id,user_id,item_id,num,name,spec,price,image,create_time,update_time FROM cart WHERE (user_id = ?)
16:17:28:879 DEBUG 27836 --- [http-nio-8080-exec-3] com.hmall.mapper.CartMapper.selectList   : ==> Parameters: 1(Long)
16:17:28:914 DEBUG 27836 --- [http-nio-8080-exec-3] com.hmall.mapper.CartMapper.selectList   : <==      Total: 0
16:17:42:698 DEBUG 27836 --- [http-nio-8080-exec-2] com.hmall.mapper.CartMapper.selectList   : ==>  Preparing: SELECT id,user_id,item_id,num,name,spec,price,image,create_time,update_time FROM cart WHERE (user_id = ?)
16:17:42:698 DEBUG 27836 --- [http-nio-8080-exec-2] com.hmall.mapper.CartMapper.selectList   : ==> Parameters: 1(Long)
16:17:42:700 DEBUG 27836 --- [http-nio-8080-exec-2] com.hmall.mapper.CartMapper.selectList   : <==      Total: 0
16:22:17:121  INFO 27836 --- [SpringApplicationShutdownHook] com.zaxxer.hikari.HikariDataSource       : HikariPool-1 - Shutdown initiated...
16:22:17:132  INFO 27836 --- [SpringApplicationShutdownHook] com.zaxxer.hikari.HikariDataSource       : HikariPool-1 - Shutdown completed.
