08:43:38:758  INFO 17372 --- [main] com.hmall.cart.CartApplication           : Starting CartApplication using Java 19.0.2 on DESKTOP-CFGLDVE with PID 17372 (D:\workspace\XiangMuBao\hmall_bao\hmall\cart-service\target\classes started by Lenovo in D:\workspace\XiangMuBao\hmall_bao\hmall)
08:43:38:761 DEBUG 17372 --- [main] com.hmall.cart.CartApplication           : Running with Spring Boot v2.7.12, Spring v5.3.27
08:43:38:762  INFO 17372 --- [main] com.hmall.cart.CartApplication           : The following 1 profile is active: "local"
08:43:39:404  INFO 17372 --- [main] .s.d.r.c.RepositoryConfigurationDelegate : Multiple Spring Data modules found, entering strict repository configuration mode
08:43:39:406  INFO 17372 --- [main] .s.d.r.c.RepositoryConfigurationDelegate : Bootstrapping Spring Data Redis repositories in DEFAULT mode.
08:43:39:419  INFO 17372 --- [main] .s.d.r.c.RepositoryConfigurationDelegate : Finished Spring Data repository scanning in 4 ms. Found 0 Redis repository interfaces.
08:43:39:591  INFO 17372 --- [main] o.s.cloud.context.scope.GenericScope     : BeanFactory id=8be31052-9d74-3ef3-805d-c10aa3ba66b3
08:43:39:920  INFO 17372 --- [main] o.s.b.w.embedded.tomcat.TomcatWebServer  : Tomcat initialized with port(s): 8082 (http)
08:43:39:926  INFO 17372 --- [main] o.apache.catalina.core.StandardService   : Starting service [Tomcat]
08:43:39:927  INFO 17372 --- [main] org.apache.catalina.core.StandardEngine  : Starting Servlet engine: [Apache Tomcat/9.0.75]
08:43:40:060  INFO 17372 --- [main] o.a.c.c.C.[Tomcat].[localhost].[/]       : Initializing Spring embedded WebApplicationContext
08:43:40:060  INFO 17372 --- [main] w.s.c.ServletWebServerApplicationContext : Root WebApplicationContext: initialization completed in 1258 ms
08:43:40:207  INFO 17372 --- [main] o.s.c.openfeign.FeignClientFactoryBean   : For 'item-service' URL not provided. Will try picking an instance via load-balancing.
08:43:41:161  INFO 17372 --- [main] pertySourcedRequestMappingHandlerMapping : Mapped URL path [/v2/api-docs] onto method [springfox.documentation.swagger2.web.Swagger2ControllerWebMvc#getDocumentation(String, HttpServletRequest)]
08:43:41:728  INFO 17372 --- [main] com.alibaba.nacos.common.remote.client   : [RpcClientFactory] create a new rpc client of 92f8ca15-79d8-424c-90a8-24be350a0216
08:43:41:761  INFO 17372 --- [main] org.reflections.Reflections              : Reflections took 18 ms to scan 1 urls, producing 3 keys and 6 values 
08:43:41:776  INFO 17372 --- [main] org.reflections.Reflections              : Reflections took 6 ms to scan 1 urls, producing 4 keys and 9 values 
08:43:41:786  INFO 17372 --- [main] org.reflections.Reflections              : Reflections took 8 ms to scan 1 urls, producing 3 keys and 10 values 
08:43:41:787  WARN 17372 --- [main] org.reflections.Reflections              : given scan urls are empty. set urls in the configuration
08:43:41:791  INFO 17372 --- [main] org.reflections.Reflections              : Reflections took 3 ms to scan 1 urls, producing 1 keys and 5 values 
08:43:41:797  INFO 17372 --- [main] org.reflections.Reflections              : Reflections took 5 ms to scan 1 urls, producing 1 keys and 7 values 
08:43:41:802  INFO 17372 --- [main] org.reflections.Reflections              : Reflections took 4 ms to scan 1 urls, producing 2 keys and 8 values 
08:43:41:803  WARN 17372 --- [main] org.reflections.Reflections              : given scan urls are empty. set urls in the configuration
08:43:41:803  INFO 17372 --- [main] com.alibaba.nacos.common.remote.client   : [92f8ca15-79d8-424c-90a8-24be350a0216] RpcClient init label, labels = {module=naming, source=sdk}
08:43:41:804  INFO 17372 --- [main] com.alibaba.nacos.common.remote.client   : [92f8ca15-79d8-424c-90a8-24be350a0216] RpcClient init, ServerListFactory = com.alibaba.nacos.client.naming.core.ServerListManager
08:43:41:804  INFO 17372 --- [main] com.alibaba.nacos.common.remote.client   : [92f8ca15-79d8-424c-90a8-24be350a0216] Registry connection listener to current client:com.alibaba.nacos.client.naming.remote.gprc.redo.NamingGrpcRedoService
08:43:41:804  INFO 17372 --- [main] com.alibaba.nacos.common.remote.client   : [92f8ca15-79d8-424c-90a8-24be350a0216] Register server push request handler:com.alibaba.nacos.client.naming.remote.gprc.NamingPushRequestHandler
08:43:41:806  INFO 17372 --- [main] com.alibaba.nacos.common.remote.client   : [92f8ca15-79d8-424c-90a8-24be350a0216] Try to connect to server on start up, server: {serverIp = '192.168.1.144', server main port = 8848}
08:43:42:579  INFO 17372 --- [main] com.alibaba.nacos.common.remote.client   : [92f8ca15-79d8-424c-90a8-24be350a0216] Success to connect to server [192.168.1.144:8848] on start up, connectionId = 1755045822413_192.168.1.117_50765
08:43:42:580  INFO 17372 --- [com.alibaba.nacos.client.remote.worker] com.alibaba.nacos.common.remote.client   : [92f8ca15-79d8-424c-90a8-24be350a0216] Notify connected event to listeners.
08:43:42:580  INFO 17372 --- [main] com.alibaba.nacos.common.remote.client   : [92f8ca15-79d8-424c-90a8-24be350a0216] Register server push request handler:com.alibaba.nacos.common.remote.client.RpcClient$ConnectResetRequestHandler
08:43:42:580  INFO 17372 --- [main] com.alibaba.nacos.common.remote.client   : [92f8ca15-79d8-424c-90a8-24be350a0216] Register server push request handler:com.alibaba.nacos.common.remote.client.RpcClient$$Lambda$1148/0x00000008018a5fb0
08:43:42:625  INFO 17372 --- [main] o.s.b.w.embedded.tomcat.TomcatWebServer  : Tomcat started on port(s): 8082 (http) with context path ''
08:43:42:639  INFO 17372 --- [main] c.a.c.n.registry.NacosServiceRegistry    : nacos registry, DEFAULT_GROUP cart-service 192.168.1.1:8082 register finished
08:43:42:824  INFO 17372 --- [main] d.s.w.p.DocumentationPluginsBootstrapper : Documentation plugins bootstrapped
08:43:42:826  INFO 17372 --- [main] d.s.w.p.DocumentationPluginsBootstrapper : Found 1 custom documentation plugin(s)
08:43:42:845  INFO 17372 --- [main] s.d.s.w.s.ApiListingReferenceScanner     : Scanning for api listing references
08:43:42:911  INFO 17372 --- [main] com.hmall.cart.CartApplication           : Started CartApplication in 4.701 seconds (JVM running for 5.217)
08:43:43:207  INFO 17372 --- [nacos-grpc-client-executor-7] com.alibaba.nacos.common.remote.client   : [92f8ca15-79d8-424c-90a8-24be350a0216] Receive server push request, request = NotifySubscriberRequest, requestId = 3
08:43:43:210  INFO 17372 --- [nacos-grpc-client-executor-7] com.alibaba.nacos.common.remote.client   : [92f8ca15-79d8-424c-90a8-24be350a0216] Ack server push request, request = NotifySubscriberRequest, requestId = 3
09:09:36:576  WARN 17372 --- [Thread-4] c.a.nacos.common.notify.NotifyCenter     : [NotifyCenter] Start destroying Publisher
09:09:36:576  WARN 17372 --- [Thread-7] c.a.n.common.http.HttpClientBeanHolder   : [HttpClientBeanHolder] Start destroying common HttpClient
09:09:36:580  WARN 17372 --- [Thread-4] c.a.nacos.common.notify.NotifyCenter     : [NotifyCenter] Destruction of the end
09:09:36:581  WARN 17372 --- [Thread-7] c.a.n.common.http.HttpClientBeanHolder   : [HttpClientBeanHolder] Destruction of the end
09:09:36:658  INFO 17372 --- [SpringApplicationShutdownHook] c.a.c.n.registry.NacosServiceRegistry    : De-registering from Nacos Server now...
09:09:36:666  INFO 17372 --- [SpringApplicationShutdownHook] c.a.c.n.registry.NacosServiceRegistry    : De-registration finished.
09:09:37:002  INFO 17372 --- [SpringApplicationShutdownHook] com.alibaba.nacos.common.remote.client   : Shutdown rpc client, set status to shutdown
09:09:37:003  INFO 17372 --- [SpringApplicationShutdownHook] com.alibaba.nacos.common.remote.client   : Shutdown client event executor java.util.concurrent.ScheduledThreadPoolExecutor@4feaa4b8[Running, pool size = 2, active threads = 2, queued tasks = 0, completed tasks = 0]
09:09:37:003  INFO 17372 --- [SpringApplicationShutdownHook] com.alibaba.nacos.common.remote.client   : Close current connection 1755045822413_192.168.1.117_50765
09:09:37:006  INFO 17372 --- [nacos-grpc-client-executor-351] c.a.n.c.remote.client.grpc.GrpcClient    : [1755045822413_192.168.1.117_50765]Ignore complete event,isRunning:false,isAbandon=false
09:09:37:008  INFO 17372 --- [SpringApplicationShutdownHook] c.a.n.c.remote.client.grpc.GrpcClient    : Shutdown grpc executor java.util.concurrent.ThreadPoolExecutor@7df23848[Running, pool size = 5, active threads = 0, queued tasks = 0, completed tasks = 352]
10:59:21:945  INFO 17540 --- [main] com.hmall.cart.CartApplication           : Starting CartApplication using Java 19.0.2 on DESKTOP-CFGLDVE with PID 17540 (D:\workspace\XiangMuBao\hmall_bao\hmall\cart-service\target\classes started by Lenovo in D:\workspace\XiangMuBao\hmall_bao\hmall)
10:59:21:947 DEBUG 17540 --- [main] com.hmall.cart.CartApplication           : Running with Spring Boot v2.7.12, Spring v5.3.27
10:59:21:947  INFO 17540 --- [main] com.hmall.cart.CartApplication           : The following 1 profile is active: "local"
10:59:22:608  INFO 17540 --- [main] .s.d.r.c.RepositoryConfigurationDelegate : Multiple Spring Data modules found, entering strict repository configuration mode
10:59:22:610  INFO 17540 --- [main] .s.d.r.c.RepositoryConfigurationDelegate : Bootstrapping Spring Data Redis repositories in DEFAULT mode.
10:59:22:624  INFO 17540 --- [main] .s.d.r.c.RepositoryConfigurationDelegate : Finished Spring Data repository scanning in 5 ms. Found 0 Redis repository interfaces.
10:59:22:792  INFO 17540 --- [main] o.s.cloud.context.scope.GenericScope     : BeanFactory id=a4082150-0850-3043-9e8c-d61966f8a838
10:59:23:106  INFO 17540 --- [main] o.s.b.w.embedded.tomcat.TomcatWebServer  : Tomcat initialized with port(s): 8082 (http)
10:59:23:111  INFO 17540 --- [main] o.apache.catalina.core.StandardService   : Starting service [Tomcat]
10:59:23:112  INFO 17540 --- [main] org.apache.catalina.core.StandardEngine  : Starting Servlet engine: [Apache Tomcat/9.0.75]
10:59:23:250  INFO 17540 --- [main] o.a.c.c.C.[Tomcat].[localhost].[/]       : Initializing Spring embedded WebApplicationContext
10:59:23:251  INFO 17540 --- [main] w.s.c.ServletWebServerApplicationContext : Root WebApplicationContext: initialization completed in 1263 ms
10:59:23:393  INFO 17540 --- [main] o.s.c.openfeign.FeignClientFactoryBean   : For 'item-service' URL not provided. Will try picking an instance via load-balancing.
10:59:24:327  INFO 17540 --- [main] pertySourcedRequestMappingHandlerMapping : Mapped URL path [/v2/api-docs] onto method [springfox.documentation.swagger2.web.Swagger2ControllerWebMvc#getDocumentation(String, HttpServletRequest)]
10:59:24:921  INFO 17540 --- [main] com.alibaba.nacos.common.remote.client   : [RpcClientFactory] create a new rpc client of e5b2bae1-3d9c-4e46-98a2-b8a536e90f14
10:59:24:959  INFO 17540 --- [main] org.reflections.Reflections              : Reflections took 20 ms to scan 1 urls, producing 3 keys and 6 values 
10:59:24:973  INFO 17540 --- [main] org.reflections.Reflections              : Reflections took 6 ms to scan 1 urls, producing 4 keys and 9 values 
10:59:24:979  INFO 17540 --- [main] org.reflections.Reflections              : Reflections took 4 ms to scan 1 urls, producing 3 keys and 10 values 
10:59:24:980  WARN 17540 --- [main] org.reflections.Reflections              : given scan urls are empty. set urls in the configuration
10:59:24:985  INFO 17540 --- [main] org.reflections.Reflections              : Reflections took 4 ms to scan 1 urls, producing 1 keys and 5 values 
10:59:24:991  INFO 17540 --- [main] org.reflections.Reflections              : Reflections took 5 ms to scan 1 urls, producing 1 keys and 7 values 
10:59:24:997  INFO 17540 --- [main] org.reflections.Reflections              : Reflections took 4 ms to scan 1 urls, producing 2 keys and 8 values 
10:59:24:999  WARN 17540 --- [main] org.reflections.Reflections              : given scan urls are empty. set urls in the configuration
10:59:25:000  INFO 17540 --- [main] com.alibaba.nacos.common.remote.client   : [e5b2bae1-3d9c-4e46-98a2-b8a536e90f14] RpcClient init label, labels = {module=naming, source=sdk}
10:59:25:001  INFO 17540 --- [main] com.alibaba.nacos.common.remote.client   : [e5b2bae1-3d9c-4e46-98a2-b8a536e90f14] RpcClient init, ServerListFactory = com.alibaba.nacos.client.naming.core.ServerListManager
10:59:25:002  INFO 17540 --- [main] com.alibaba.nacos.common.remote.client   : [e5b2bae1-3d9c-4e46-98a2-b8a536e90f14] Registry connection listener to current client:com.alibaba.nacos.client.naming.remote.gprc.redo.NamingGrpcRedoService
10:59:25:002  INFO 17540 --- [main] com.alibaba.nacos.common.remote.client   : [e5b2bae1-3d9c-4e46-98a2-b8a536e90f14] Register server push request handler:com.alibaba.nacos.client.naming.remote.gprc.NamingPushRequestHandler
10:59:25:003  INFO 17540 --- [main] com.alibaba.nacos.common.remote.client   : [e5b2bae1-3d9c-4e46-98a2-b8a536e90f14] Try to connect to server on start up, server: {serverIp = '192.168.1.144', server main port = 8848}
10:59:25:783  INFO 17540 --- [main] com.alibaba.nacos.common.remote.client   : [e5b2bae1-3d9c-4e46-98a2-b8a536e90f14] Success to connect to server [192.168.1.144:8848] on start up, connectionId = 1755053965611_192.168.1.117_53717
10:59:25:784  INFO 17540 --- [com.alibaba.nacos.client.remote.worker] com.alibaba.nacos.common.remote.client   : [e5b2bae1-3d9c-4e46-98a2-b8a536e90f14] Notify connected event to listeners.
10:59:25:784  INFO 17540 --- [main] com.alibaba.nacos.common.remote.client   : [e5b2bae1-3d9c-4e46-98a2-b8a536e90f14] Register server push request handler:com.alibaba.nacos.common.remote.client.RpcClient$ConnectResetRequestHandler
10:59:25:785  INFO 17540 --- [main] com.alibaba.nacos.common.remote.client   : [e5b2bae1-3d9c-4e46-98a2-b8a536e90f14] Register server push request handler:com.alibaba.nacos.common.remote.client.RpcClient$$Lambda$1148/0x00000008018d3338
10:59:25:833  INFO 17540 --- [main] o.s.b.w.embedded.tomcat.TomcatWebServer  : Tomcat started on port(s): 8082 (http) with context path ''
10:59:25:849  INFO 17540 --- [main] c.a.c.n.registry.NacosServiceRegistry    : nacos registry, DEFAULT_GROUP cart-service 192.168.1.1:8082 register finished
10:59:26:034  INFO 17540 --- [main] d.s.w.p.DocumentationPluginsBootstrapper : Documentation plugins bootstrapped
10:59:26:037  INFO 17540 --- [main] d.s.w.p.DocumentationPluginsBootstrapper : Found 1 custom documentation plugin(s)
10:59:26:055  INFO 17540 --- [main] s.d.s.w.s.ApiListingReferenceScanner     : Scanning for api listing references
10:59:26:121  INFO 17540 --- [main] com.hmall.cart.CartApplication           : Started CartApplication in 4.769 seconds (JVM running for 5.362)
10:59:26:355  INFO 17540 --- [nacos-grpc-client-executor-10] com.alibaba.nacos.common.remote.client   : [e5b2bae1-3d9c-4e46-98a2-b8a536e90f14] Receive server push request, request = NotifySubscriberRequest, requestId = 9
10:59:26:357  INFO 17540 --- [nacos-grpc-client-executor-10] com.alibaba.nacos.common.remote.client   : [e5b2bae1-3d9c-4e46-98a2-b8a536e90f14] Ack server push request, request = NotifySubscriberRequest, requestId = 9
11:03:59:911  WARN 17540 --- [Thread-4] c.a.nacos.common.notify.NotifyCenter     : [NotifyCenter] Start destroying Publisher
11:03:59:911  WARN 17540 --- [Thread-7] c.a.n.common.http.HttpClientBeanHolder   : [HttpClientBeanHolder] Start destroying common HttpClient
11:03:59:911  WARN 17540 --- [Thread-4] c.a.nacos.common.notify.NotifyCenter     : [NotifyCenter] Destruction of the end
11:03:59:912  WARN 17540 --- [Thread-7] c.a.n.common.http.HttpClientBeanHolder   : [HttpClientBeanHolder] Destruction of the end
11:03:59:966  INFO 17540 --- [SpringApplicationShutdownHook] c.a.c.n.registry.NacosServiceRegistry    : De-registering from Nacos Server now...
11:03:59:991  INFO 17540 --- [SpringApplicationShutdownHook] c.a.c.n.registry.NacosServiceRegistry    : De-registration finished.
11:04:00:317  INFO 17540 --- [SpringApplicationShutdownHook] com.alibaba.nacos.common.remote.client   : Shutdown rpc client, set status to shutdown
11:04:00:317  INFO 17540 --- [SpringApplicationShutdownHook] com.alibaba.nacos.common.remote.client   : Shutdown client event executor java.util.concurrent.ScheduledThreadPoolExecutor@15bcecf9[Running, pool size = 2, active threads = 2, queued tasks = 0, completed tasks = 0]
11:04:00:317  INFO 17540 --- [SpringApplicationShutdownHook] com.alibaba.nacos.common.remote.client   : Close current connection 1755053965611_192.168.1.117_53717
11:04:00:320  INFO 17540 --- [SpringApplicationShutdownHook] c.a.n.c.remote.client.grpc.GrpcClient    : Shutdown grpc executor java.util.concurrent.ThreadPoolExecutor@29b0c169[Running, pool size = 4, active threads = 0, queued tasks = 0, completed tasks = 72]
