10:29:37:890  INFO 5456 --- [main] com.hmall.trade.TradeApplication         : Starting TradeApplication using Java 19.0.2 on DESKTOP-CFGLDVE with PID 5456 (D:\workspace\XiangMuBao\hmall_bao\hmall\trade-service\target\classes started by Lenovo in D:\workspace\XiangMuBao\hmall_bao\hmall)
10:29:37:894 DEBUG 5456 --- [main] com.hmall.trade.TradeApplication         : Running with Spring Boot v2.7.12, Spring v5.3.27
10:29:37:895  INFO 5456 --- [main] com.hmall.trade.TradeApplication         : The following 1 profile is active: "local"
10:29:38:617  INFO 5456 --- [main] o.s.cloud.context.scope.GenericScope     : BeanFactory id=32c5dc31-312a-3b4d-9efc-06384f902a87
10:29:38:909  INFO 5456 --- [main] o.s.b.w.embedded.tomcat.TomcatWebServer  : Tomcat initialized with port(s): 8085 (http)
10:29:38:916  INFO 5456 --- [main] o.apache.catalina.core.StandardService   : Starting service [Tomcat]
10:29:38:918  INFO 5456 --- [main] org.apache.catalina.core.StandardEngine  : Starting Servlet engine: [Apache Tomcat/9.0.75]
10:29:39:033  INFO 5456 --- [main] o.a.c.c.C.[Tomcat].[localhost].[/]       : Initializing Spring embedded WebApplicationContext
10:29:39:034  INFO 5456 --- [main] w.s.c.ServletWebServerApplicationContext : Root WebApplicationContext: initialization completed in 1100 ms
10:29:39:183  INFO 5456 --- [main] o.s.c.openfeign.FeignClientFactoryBean   : For 'item-service' URL not provided. Will try picking an instance via load-balancing.
10:29:39:466  INFO 5456 --- [main] o.s.c.openfeign.FeignClientFactoryBean   : For 'cart-service' URL not provided. Will try picking an instance via load-balancing.
10:29:40:023  INFO 5456 --- [main] pertySourcedRequestMappingHandlerMapping : Mapped URL path [/v2/api-docs] onto method [springfox.documentation.swagger2.web.Swagger2ControllerWebMvc#getDocumentation(String, HttpServletRequest)]
10:29:40:392  INFO 5456 --- [main] com.alibaba.nacos.common.remote.client   : [RpcClientFactory] create a new rpc client of 7ceffdcb-7672-4279-89a7-1b558cc7536c
10:29:40:431  INFO 5456 --- [main] org.reflections.Reflections              : Reflections took 17 ms to scan 1 urls, producing 3 keys and 6 values 
10:29:40:448  INFO 5456 --- [main] org.reflections.Reflections              : Reflections took 7 ms to scan 1 urls, producing 4 keys and 9 values 
10:29:40:456  INFO 5456 --- [main] org.reflections.Reflections              : Reflections took 6 ms to scan 1 urls, producing 3 keys and 10 values 
10:29:40:457  WARN 5456 --- [main] org.reflections.Reflections              : given scan urls are empty. set urls in the configuration
10:29:40:462  INFO 5456 --- [main] org.reflections.Reflections              : Reflections took 5 ms to scan 1 urls, producing 1 keys and 5 values 
10:29:40:469  INFO 5456 --- [main] org.reflections.Reflections              : Reflections took 6 ms to scan 1 urls, producing 1 keys and 7 values 
10:29:40:478  INFO 5456 --- [main] org.reflections.Reflections              : Reflections took 8 ms to scan 1 urls, producing 2 keys and 8 values 
10:29:40:479  WARN 5456 --- [main] org.reflections.Reflections              : given scan urls are empty. set urls in the configuration
10:29:40:480  INFO 5456 --- [main] com.alibaba.nacos.common.remote.client   : [7ceffdcb-7672-4279-89a7-1b558cc7536c] RpcClient init label, labels = {module=naming, source=sdk}
10:29:40:481  INFO 5456 --- [main] com.alibaba.nacos.common.remote.client   : [7ceffdcb-7672-4279-89a7-1b558cc7536c] RpcClient init, ServerListFactory = com.alibaba.nacos.client.naming.core.ServerListManager
10:29:40:481  INFO 5456 --- [main] com.alibaba.nacos.common.remote.client   : [7ceffdcb-7672-4279-89a7-1b558cc7536c] Registry connection listener to current client:com.alibaba.nacos.client.naming.remote.gprc.redo.NamingGrpcRedoService
10:29:40:481  INFO 5456 --- [main] com.alibaba.nacos.common.remote.client   : [7ceffdcb-7672-4279-89a7-1b558cc7536c] Register server push request handler:com.alibaba.nacos.client.naming.remote.gprc.NamingPushRequestHandler
10:29:40:482  INFO 5456 --- [main] com.alibaba.nacos.common.remote.client   : [7ceffdcb-7672-4279-89a7-1b558cc7536c] Try to connect to server on start up, server: {serverIp = '192.168.1.144', server main port = 8848}
10:29:41:317  INFO 5456 --- [main] com.alibaba.nacos.common.remote.client   : [7ceffdcb-7672-4279-89a7-1b558cc7536c] Success to connect to server [192.168.1.144:8848] on start up, connectionId = 1755138581147_192.168.1.117_54078
10:29:41:319  INFO 5456 --- [com.alibaba.nacos.client.remote.worker] com.alibaba.nacos.common.remote.client   : [7ceffdcb-7672-4279-89a7-1b558cc7536c] Notify connected event to listeners.
10:29:41:319  INFO 5456 --- [main] com.alibaba.nacos.common.remote.client   : [7ceffdcb-7672-4279-89a7-1b558cc7536c] Register server push request handler:com.alibaba.nacos.common.remote.client.RpcClient$ConnectResetRequestHandler
10:29:41:320  INFO 5456 --- [main] com.alibaba.nacos.common.remote.client   : [7ceffdcb-7672-4279-89a7-1b558cc7536c] Register server push request handler:com.alibaba.nacos.common.remote.client.RpcClient$$Lambda$1002/0x000000080178aed0
10:29:41:361  INFO 5456 --- [main] o.s.b.w.embedded.tomcat.TomcatWebServer  : Tomcat started on port(s): 8085 (http) with context path ''
10:29:41:374  INFO 5456 --- [main] c.a.c.n.registry.NacosServiceRegistry    : nacos registry, DEFAULT_GROUP trade-service 192.168.1.1:8085 register finished
10:29:41:626  INFO 5456 --- [main] d.s.w.p.DocumentationPluginsBootstrapper : Documentation plugins bootstrapped
10:29:41:628  INFO 5456 --- [main] d.s.w.p.DocumentationPluginsBootstrapper : Found 1 custom documentation plugin(s)
10:29:41:642  INFO 5456 --- [main] s.d.s.w.s.ApiListingReferenceScanner     : Scanning for api listing references
10:29:41:710  INFO 5456 --- [main] com.hmall.trade.TradeApplication         : Started TradeApplication in 4.427 seconds (JVM running for 4.912)
10:29:41:946  INFO 5456 --- [nacos-grpc-client-executor-8] com.alibaba.nacos.common.remote.client   : [7ceffdcb-7672-4279-89a7-1b558cc7536c] Receive server push request, request = NotifySubscriberRequest, requestId = 5
10:29:41:949  INFO 5456 --- [nacos-grpc-client-executor-8] com.alibaba.nacos.common.remote.client   : [7ceffdcb-7672-4279-89a7-1b558cc7536c] Ack server push request, request = NotifySubscriberRequest, requestId = 5
10:47:15:367  WARN 5456 --- [Thread-4] c.a.nacos.common.notify.NotifyCenter     : [NotifyCenter] Start destroying Publisher
10:47:15:367  WARN 5456 --- [Thread-7] c.a.n.common.http.HttpClientBeanHolder   : [HttpClientBeanHolder] Start destroying common HttpClient
10:47:15:367  WARN 5456 --- [Thread-4] c.a.nacos.common.notify.NotifyCenter     : [NotifyCenter] Destruction of the end
10:47:15:368  WARN 5456 --- [Thread-7] c.a.n.common.http.HttpClientBeanHolder   : [HttpClientBeanHolder] Destruction of the end
10:47:15:411  INFO 5456 --- [SpringApplicationShutdownHook] c.a.c.n.registry.NacosServiceRegistry    : De-registering from Nacos Server now...
10:47:15:417  INFO 5456 --- [SpringApplicationShutdownHook] c.a.c.n.registry.NacosServiceRegistry    : De-registration finished.
10:47:15:745  INFO 5456 --- [SpringApplicationShutdownHook] com.alibaba.nacos.common.remote.client   : Shutdown rpc client, set status to shutdown
10:47:15:745  INFO 5456 --- [SpringApplicationShutdownHook] com.alibaba.nacos.common.remote.client   : Shutdown client event executor java.util.concurrent.ScheduledThreadPoolExecutor@639948a2[Running, pool size = 2, active threads = 2, queued tasks = 0, completed tasks = 0]
10:47:15:745  INFO 5456 --- [SpringApplicationShutdownHook] com.alibaba.nacos.common.remote.client   : Close current connection 1755138581147_192.168.1.117_54078
10:47:15:747  INFO 5456 --- [nacos-grpc-client-executor-236] c.a.n.c.remote.client.grpc.GrpcClient    : [1755138581147_192.168.1.117_54078]Ignore complete event,isRunning:false,isAbandon=false
10:47:15:748  INFO 5456 --- [SpringApplicationShutdownHook] c.a.n.c.remote.client.grpc.GrpcClient    : Shutdown grpc executor java.util.concurrent.ThreadPoolExecutor@19f1be04[Running, pool size = 5, active threads = 0, queued tasks = 0, completed tasks = 237]
14:28:19:156  INFO 13968 --- [main] com.hmall.trade.TradeApplication         : Starting TradeApplication using Java 19.0.2 on DESKTOP-CFGLDVE with PID 13968 (D:\workspace\XiangMuBao\hmall_bao\hmall\trade-service\target\classes started by Lenovo in D:\workspace\XiangMuBao\hmall_bao\hmall)
14:28:19:158 DEBUG 13968 --- [main] com.hmall.trade.TradeApplication         : Running with Spring Boot v2.7.12, Spring v5.3.27
14:28:19:158  INFO 13968 --- [main] com.hmall.trade.TradeApplication         : The following 1 profile is active: "local"
14:28:19:886  INFO 13968 --- [main] o.s.cloud.context.scope.GenericScope     : BeanFactory id=32c5dc31-312a-3b4d-9efc-06384f902a87
14:28:20:181  INFO 13968 --- [main] o.s.b.w.embedded.tomcat.TomcatWebServer  : Tomcat initialized with port(s): 8085 (http)
14:28:20:187  INFO 13968 --- [main] o.apache.catalina.core.StandardService   : Starting service [Tomcat]
14:28:20:187  INFO 13968 --- [main] org.apache.catalina.core.StandardEngine  : Starting Servlet engine: [Apache Tomcat/9.0.75]
14:28:20:314  INFO 13968 --- [main] o.a.c.c.C.[Tomcat].[localhost].[/]       : Initializing Spring embedded WebApplicationContext
14:28:20:314  INFO 13968 --- [main] w.s.c.ServletWebServerApplicationContext : Root WebApplicationContext: initialization completed in 1099 ms
14:28:20:468  INFO 13968 --- [main] o.s.c.openfeign.FeignClientFactoryBean   : For 'item-service' URL not provided. Will try picking an instance via load-balancing.
14:28:20:744  INFO 13968 --- [main] o.s.c.openfeign.FeignClientFactoryBean   : For 'cart-service' URL not provided. Will try picking an instance via load-balancing.
14:28:21:309  INFO 13968 --- [main] pertySourcedRequestMappingHandlerMapping : Mapped URL path [/v2/api-docs] onto method [springfox.documentation.swagger2.web.Swagger2ControllerWebMvc#getDocumentation(String, HttpServletRequest)]
14:28:21:685  INFO 13968 --- [main] com.alibaba.nacos.common.remote.client   : [RpcClientFactory] create a new rpc client of 94550361-d20c-40e5-8f4b-4bd33b582bbc
14:28:21:720  INFO 13968 --- [main] org.reflections.Reflections              : Reflections took 17 ms to scan 1 urls, producing 3 keys and 6 values 
14:28:21:736  INFO 13968 --- [main] org.reflections.Reflections              : Reflections took 7 ms to scan 1 urls, producing 4 keys and 9 values 
14:28:21:742  INFO 13968 --- [main] org.reflections.Reflections              : Reflections took 4 ms to scan 1 urls, producing 3 keys and 10 values 
14:28:21:743  WARN 13968 --- [main] org.reflections.Reflections              : given scan urls are empty. set urls in the configuration
14:28:21:748  INFO 13968 --- [main] org.reflections.Reflections              : Reflections took 4 ms to scan 1 urls, producing 1 keys and 5 values 
14:28:21:754  INFO 13968 --- [main] org.reflections.Reflections              : Reflections took 4 ms to scan 1 urls, producing 1 keys and 7 values 
14:28:21:763  INFO 13968 --- [main] org.reflections.Reflections              : Reflections took 7 ms to scan 1 urls, producing 2 keys and 8 values 
14:28:21:765  WARN 13968 --- [main] org.reflections.Reflections              : given scan urls are empty. set urls in the configuration
14:28:21:765  INFO 13968 --- [main] com.alibaba.nacos.common.remote.client   : [94550361-d20c-40e5-8f4b-4bd33b582bbc] RpcClient init label, labels = {module=naming, source=sdk}
14:28:21:767  INFO 13968 --- [main] com.alibaba.nacos.common.remote.client   : [94550361-d20c-40e5-8f4b-4bd33b582bbc] RpcClient init, ServerListFactory = com.alibaba.nacos.client.naming.core.ServerListManager
14:28:21:767  INFO 13968 --- [main] com.alibaba.nacos.common.remote.client   : [94550361-d20c-40e5-8f4b-4bd33b582bbc] Registry connection listener to current client:com.alibaba.nacos.client.naming.remote.gprc.redo.NamingGrpcRedoService
14:28:21:767  INFO 13968 --- [main] com.alibaba.nacos.common.remote.client   : [94550361-d20c-40e5-8f4b-4bd33b582bbc] Register server push request handler:com.alibaba.nacos.client.naming.remote.gprc.NamingPushRequestHandler
14:28:21:768  INFO 13968 --- [main] com.alibaba.nacos.common.remote.client   : [94550361-d20c-40e5-8f4b-4bd33b582bbc] Try to connect to server on start up, server: {serverIp = '192.168.1.144', server main port = 8848}
14:28:22:612  INFO 13968 --- [main] com.alibaba.nacos.common.remote.client   : [94550361-d20c-40e5-8f4b-4bd33b582bbc] Success to connect to server [192.168.1.144:8848] on start up, connectionId = 1755152902439_192.168.1.117_57912
14:28:22:613  INFO 13968 --- [com.alibaba.nacos.client.remote.worker] com.alibaba.nacos.common.remote.client   : [94550361-d20c-40e5-8f4b-4bd33b582bbc] Notify connected event to listeners.
14:28:22:613  INFO 13968 --- [main] com.alibaba.nacos.common.remote.client   : [94550361-d20c-40e5-8f4b-4bd33b582bbc] Register server push request handler:com.alibaba.nacos.common.remote.client.RpcClient$ConnectResetRequestHandler
14:28:22:614  INFO 13968 --- [main] com.alibaba.nacos.common.remote.client   : [94550361-d20c-40e5-8f4b-4bd33b582bbc] Register server push request handler:com.alibaba.nacos.common.remote.client.RpcClient$$Lambda$1002/0x000000080178b9a8
14:28:22:658  INFO 13968 --- [main] o.s.b.w.embedded.tomcat.TomcatWebServer  : Tomcat started on port(s): 8085 (http) with context path ''
14:28:22:678  INFO 13968 --- [main] c.a.c.n.registry.NacosServiceRegistry    : nacos registry, DEFAULT_GROUP trade-service 192.168.1.1:8085 register finished
14:28:22:900  INFO 13968 --- [main] d.s.w.p.DocumentationPluginsBootstrapper : Documentation plugins bootstrapped
14:28:22:903  INFO 13968 --- [main] d.s.w.p.DocumentationPluginsBootstrapper : Found 1 custom documentation plugin(s)
14:28:22:919  INFO 13968 --- [main] s.d.s.w.s.ApiListingReferenceScanner     : Scanning for api listing references
14:28:22:986  INFO 13968 --- [main] com.hmall.trade.TradeApplication         : Started TradeApplication in 4.449 seconds (JVM running for 4.971)
14:28:23:184  INFO 13968 --- [nacos-grpc-client-executor-7] com.alibaba.nacos.common.remote.client   : [94550361-d20c-40e5-8f4b-4bd33b582bbc] Receive server push request, request = NotifySubscriberRequest, requestId = 17
14:28:23:186  INFO 13968 --- [nacos-grpc-client-executor-7] com.alibaba.nacos.common.remote.client   : [94550361-d20c-40e5-8f4b-4bd33b582bbc] Ack server push request, request = NotifySubscriberRequest, requestId = 17
14:33:57:717  WARN 13968 --- [Thread-7] c.a.n.common.http.HttpClientBeanHolder   : [HttpClientBeanHolder] Start destroying common HttpClient
14:33:57:717  WARN 13968 --- [Thread-4] c.a.nacos.common.notify.NotifyCenter     : [NotifyCenter] Start destroying Publisher
14:33:57:718  WARN 13968 --- [Thread-4] c.a.nacos.common.notify.NotifyCenter     : [NotifyCenter] Destruction of the end
14:33:57:718  WARN 13968 --- [Thread-7] c.a.n.common.http.HttpClientBeanHolder   : [HttpClientBeanHolder] Destruction of the end
14:33:57:778  INFO 13968 --- [SpringApplicationShutdownHook] c.a.c.n.registry.NacosServiceRegistry    : De-registering from Nacos Server now...
14:33:57:783  INFO 13968 --- [SpringApplicationShutdownHook] c.a.c.n.registry.NacosServiceRegistry    : De-registration finished.
14:33:58:119  INFO 13968 --- [SpringApplicationShutdownHook] com.alibaba.nacos.common.remote.client   : Shutdown rpc client, set status to shutdown
14:33:58:119  INFO 13968 --- [SpringApplicationShutdownHook] com.alibaba.nacos.common.remote.client   : Shutdown client event executor java.util.concurrent.ScheduledThreadPoolExecutor@511de4dd[Running, pool size = 2, active threads = 2, queued tasks = 0, completed tasks = 0]
14:33:58:119  INFO 13968 --- [SpringApplicationShutdownHook] com.alibaba.nacos.common.remote.client   : Close current connection 1755152902439_192.168.1.117_57912
14:33:58:121  INFO 13968 --- [nacos-grpc-client-executor-88] c.a.n.c.remote.client.grpc.GrpcClient    : [1755152902439_192.168.1.117_57912]Ignore complete event,isRunning:false,isAbandon=false
14:33:58:124  INFO 13968 --- [SpringApplicationShutdownHook] c.a.n.c.remote.client.grpc.GrpcClient    : Shutdown grpc executor java.util.concurrent.ThreadPoolExecutor@7f41d979[Running, pool size = 5, active threads = 0, queued tasks = 0, completed tasks = 89]
