10:25:45:805  INFO 17372 --- [main] com.hmall.item.ItemApplication           : Starting ItemApplication using Java 19.0.2 on DESKTOP-CFGLDVE with PID 17372 (D:\workspace\XiangMuBao\hmall_bao\hmall\item-service\target\classes started by Lenovo in D:\workspace\XiangMuBao\hmall_bao\hmall)
10:25:45:808 DEBUG 17372 --- [main] com.hmall.item.ItemApplication           : Running with Spring Boot v2.7.12, Spring v5.3.27
10:25:45:808  INFO 17372 --- [main] com.hmall.item.ItemApplication           : The following 1 profile is active: "local"
10:25:46:476  INFO 17372 --- [main] .s.d.r.c.RepositoryConfigurationDelegate : Multiple Spring Data modules found, entering strict repository configuration mode
10:25:46:478  INFO 17372 --- [main] .s.d.r.c.RepositoryConfigurationDelegate : Bootstrapping Spring Data Redis repositories in DEFAULT mode.
10:25:46:496  INFO 17372 --- [main] .s.d.r.c.RepositoryConfigurationDelegate : Finished Spring Data repository scanning in 5 ms. Found 0 Redis repository interfaces.
10:25:46:660  INFO 17372 --- [main] o.s.cloud.context.scope.GenericScope     : BeanFactory id=6c130322-e97e-3bb2-9d4e-2f9421e585cb
10:25:47:001  INFO 17372 --- [main] o.s.b.w.embedded.tomcat.TomcatWebServer  : Tomcat initialized with port(s): 8081 (http)
10:25:47:009  INFO 17372 --- [main] o.apache.catalina.core.StandardService   : Starting service [Tomcat]
10:25:47:009  INFO 17372 --- [main] org.apache.catalina.core.StandardEngine  : Starting Servlet engine: [Apache Tomcat/9.0.75]
10:25:47:151  INFO 17372 --- [main] o.a.c.c.C.[Tomcat].[localhost].[/]       : Initializing Spring embedded WebApplicationContext
10:25:47:151  INFO 17372 --- [main] w.s.c.ServletWebServerApplicationContext : Root WebApplicationContext: initialization completed in 1306 ms
10:25:48:143  INFO 17372 --- [main] pertySourcedRequestMappingHandlerMapping : Mapped URL path [/v2/api-docs] onto method [springfox.documentation.swagger2.web.Swagger2ControllerWebMvc#getDocumentation(String, HttpServletRequest)]
10:25:48:777  INFO 17372 --- [main] com.alibaba.nacos.common.remote.client   : [RpcClientFactory] create a new rpc client of 50aefb9f-4f77-4c33-bd3c-0723537f34d0
10:25:48:810  INFO 17372 --- [main] org.reflections.Reflections              : Reflections took 17 ms to scan 1 urls, producing 3 keys and 6 values 
10:25:48:829  INFO 17372 --- [main] org.reflections.Reflections              : Reflections took 11 ms to scan 1 urls, producing 4 keys and 9 values 
10:25:48:834  INFO 17372 --- [main] org.reflections.Reflections              : Reflections took 3 ms to scan 1 urls, producing 3 keys and 10 values 
10:25:48:836  WARN 17372 --- [main] org.reflections.Reflections              : given scan urls are empty. set urls in the configuration
10:25:48:840  INFO 17372 --- [main] org.reflections.Reflections              : Reflections took 4 ms to scan 1 urls, producing 1 keys and 5 values 
10:25:48:845  INFO 17372 --- [main] org.reflections.Reflections              : Reflections took 4 ms to scan 1 urls, producing 1 keys and 7 values 
10:25:48:852  INFO 17372 --- [main] org.reflections.Reflections              : Reflections took 5 ms to scan 1 urls, producing 2 keys and 8 values 
10:25:48:852  WARN 17372 --- [main] org.reflections.Reflections              : given scan urls are empty. set urls in the configuration
10:25:48:853  INFO 17372 --- [main] com.alibaba.nacos.common.remote.client   : [50aefb9f-4f77-4c33-bd3c-0723537f34d0] RpcClient init label, labels = {module=naming, source=sdk}
10:25:48:854  INFO 17372 --- [main] com.alibaba.nacos.common.remote.client   : [50aefb9f-4f77-4c33-bd3c-0723537f34d0] RpcClient init, ServerListFactory = com.alibaba.nacos.client.naming.core.ServerListManager
10:25:48:854  INFO 17372 --- [main] com.alibaba.nacos.common.remote.client   : [50aefb9f-4f77-4c33-bd3c-0723537f34d0] Registry connection listener to current client:com.alibaba.nacos.client.naming.remote.gprc.redo.NamingGrpcRedoService
10:25:48:854  INFO 17372 --- [main] com.alibaba.nacos.common.remote.client   : [50aefb9f-4f77-4c33-bd3c-0723537f34d0] Register server push request handler:com.alibaba.nacos.client.naming.remote.gprc.NamingPushRequestHandler
10:25:48:855  INFO 17372 --- [main] com.alibaba.nacos.common.remote.client   : [50aefb9f-4f77-4c33-bd3c-0723537f34d0] Try to connect to server on start up, server: {serverIp = '192.168.1.144', server main port = 8848}
10:25:49:670  INFO 17372 --- [main] com.alibaba.nacos.common.remote.client   : [50aefb9f-4f77-4c33-bd3c-0723537f34d0] Success to connect to server [192.168.1.144:8848] on start up, connectionId = 1755138349502_192.168.1.117_54037
10:25:49:670  INFO 17372 --- [com.alibaba.nacos.client.remote.worker] com.alibaba.nacos.common.remote.client   : [50aefb9f-4f77-4c33-bd3c-0723537f34d0] Notify connected event to listeners.
10:25:49:670  INFO 17372 --- [main] com.alibaba.nacos.common.remote.client   : [50aefb9f-4f77-4c33-bd3c-0723537f34d0] Register server push request handler:com.alibaba.nacos.common.remote.client.RpcClient$ConnectResetRequestHandler
10:25:49:670  INFO 17372 --- [main] com.alibaba.nacos.common.remote.client   : [50aefb9f-4f77-4c33-bd3c-0723537f34d0] Register server push request handler:com.alibaba.nacos.common.remote.client.RpcClient$$Lambda$1103/0x000000080183f628
10:25:49:713  INFO 17372 --- [main] o.s.b.w.embedded.tomcat.TomcatWebServer  : Tomcat started on port(s): 8081 (http) with context path ''
10:25:49:729  INFO 17372 --- [main] c.a.c.n.registry.NacosServiceRegistry    : nacos registry, DEFAULT_GROUP item-service 192.168.1.1:8081 register finished
10:25:49:955  INFO 17372 --- [main] d.s.w.p.DocumentationPluginsBootstrapper : Documentation plugins bootstrapped
10:25:49:957  INFO 17372 --- [main] d.s.w.p.DocumentationPluginsBootstrapper : Found 1 custom documentation plugin(s)
10:25:49:974  INFO 17372 --- [main] s.d.s.w.s.ApiListingReferenceScanner     : Scanning for api listing references
10:25:50:058  INFO 17372 --- [main] com.hmall.item.ItemApplication           : Started ItemApplication in 4.878 seconds (JVM running for 5.438)
10:25:50:218  INFO 17372 --- [nacos-grpc-client-executor-9] com.alibaba.nacos.common.remote.client   : [50aefb9f-4f77-4c33-bd3c-0723537f34d0] Receive server push request, request = NotifySubscriberRequest, requestId = 3
10:25:50:221  INFO 17372 --- [nacos-grpc-client-executor-9] com.alibaba.nacos.common.remote.client   : [50aefb9f-4f77-4c33-bd3c-0723537f34d0] Ack server push request, request = NotifySubscriberRequest, requestId = 3
10:33:44:010  INFO 17372 --- [http-nio-8081-exec-1] o.a.c.c.C.[Tomcat].[localhost].[/]       : Initializing Spring DispatcherServlet 'dispatcherServlet'
10:33:44:010  INFO 17372 --- [http-nio-8081-exec-1] o.s.web.servlet.DispatcherServlet        : Initializing Servlet 'dispatcherServlet'
10:33:44:012  INFO 17372 --- [http-nio-8081-exec-1] o.s.web.servlet.DispatcherServlet        : Completed initialization in 2 ms
10:33:44:123  INFO 17372 --- [http-nio-8081-exec-1] com.zaxxer.hikari.HikariDataSource       : HikariPool-1 - Starting...
10:33:44:436  INFO 17372 --- [http-nio-8081-exec-1] com.zaxxer.hikari.HikariDataSource       : HikariPool-1 - Start completed.
10:33:44:443 DEBUG 17372 --- [http-nio-8081-exec-1] c.h.i.mapper.ItemMapper.selectBatchIds   : ==>  Preparing: SELECT id,name,price,stock,image,category,brand,spec,sold,comment_count,isAD,status,create_time,update_time,creater,updater FROM item WHERE id IN ( ? )
10:33:44:465 DEBUG 17372 --- [http-nio-8081-exec-1] c.h.i.mapper.ItemMapper.selectBatchIds   : ==> Parameters: 100000006163(Long)
10:33:44:504 DEBUG 17372 --- [http-nio-8081-exec-1] c.h.i.mapper.ItemMapper.selectBatchIds   : <==      Total: 1
10:34:01:374 DEBUG 17372 --- [http-nio-8081-exec-6] c.h.i.mapper.ItemMapper.selectBatchIds   : ==>  Preparing: SELECT id,name,price,stock,image,category,brand,spec,sold,comment_count,isAD,status,create_time,update_time,creater,updater FROM item WHERE id IN ( ? )
10:34:01:374 DEBUG 17372 --- [http-nio-8081-exec-6] c.h.i.mapper.ItemMapper.selectBatchIds   : ==> Parameters: 100000006163(Long)
10:34:01:377 DEBUG 17372 --- [http-nio-8081-exec-6] c.h.i.mapper.ItemMapper.selectBatchIds   : <==      Total: 1
10:47:16:028  WARN 17372 --- [Thread-7] c.a.n.common.http.HttpClientBeanHolder   : [HttpClientBeanHolder] Start destroying common HttpClient
10:47:16:028  WARN 17372 --- [Thread-4] c.a.nacos.common.notify.NotifyCenter     : [NotifyCenter] Start destroying Publisher
10:47:16:028  WARN 17372 --- [Thread-4] c.a.nacos.common.notify.NotifyCenter     : [NotifyCenter] Destruction of the end
10:47:16:028  WARN 17372 --- [Thread-7] c.a.n.common.http.HttpClientBeanHolder   : [HttpClientBeanHolder] Destruction of the end
10:47:16:072  INFO 17372 --- [SpringApplicationShutdownHook] c.a.c.n.registry.NacosServiceRegistry    : De-registering from Nacos Server now...
10:47:16:076  INFO 17372 --- [SpringApplicationShutdownHook] c.a.c.n.registry.NacosServiceRegistry    : De-registration finished.
10:47:16:403  INFO 17372 --- [SpringApplicationShutdownHook] com.alibaba.nacos.common.remote.client   : Shutdown rpc client, set status to shutdown
10:47:16:403  INFO 17372 --- [SpringApplicationShutdownHook] com.alibaba.nacos.common.remote.client   : Shutdown client event executor java.util.concurrent.ScheduledThreadPoolExecutor@31940d6b[Running, pool size = 2, active threads = 2, queued tasks = 0, completed tasks = 0]
10:47:16:404  INFO 17372 --- [SpringApplicationShutdownHook] com.alibaba.nacos.common.remote.client   : Close current connection 1755138349502_192.168.1.117_54037
10:47:16:407  INFO 17372 --- [SpringApplicationShutdownHook] c.a.n.c.remote.client.grpc.GrpcClient    : Shutdown grpc executor java.util.concurrent.ThreadPoolExecutor@46d51d5e[Running, pool size = 5, active threads = 0, queued tasks = 0, completed tasks = 294]
10:47:16:407  INFO 17372 --- [nacos-grpc-client-executor-294] c.a.n.c.remote.client.grpc.GrpcClient    : [1755138349502_192.168.1.117_54037]Ignore complete event,isRunning:false,isAbandon=false
10:47:16:410  INFO 17372 --- [SpringApplicationShutdownHook] com.zaxxer.hikari.HikariDataSource       : HikariPool-1 - Shutdown initiated...
10:47:16:426  INFO 17372 --- [SpringApplicationShutdownHook] com.zaxxer.hikari.HikariDataSource       : HikariPool-1 - Shutdown completed.
14:28:07:888  INFO 14784 --- [main] com.hmall.item.ItemApplication           : Starting ItemApplication using Java 19.0.2 on DESKTOP-CFGLDVE with PID 14784 (D:\workspace\XiangMuBao\hmall_bao\hmall\item-service\target\classes started by Lenovo in D:\workspace\XiangMuBao\hmall_bao\hmall)
14:28:07:890 DEBUG 14784 --- [main] com.hmall.item.ItemApplication           : Running with Spring Boot v2.7.12, Spring v5.3.27
14:28:07:890  INFO 14784 --- [main] com.hmall.item.ItemApplication           : The following 1 profile is active: "local"
14:28:08:562  INFO 14784 --- [main] .s.d.r.c.RepositoryConfigurationDelegate : Multiple Spring Data modules found, entering strict repository configuration mode
14:28:08:564  INFO 14784 --- [main] .s.d.r.c.RepositoryConfigurationDelegate : Bootstrapping Spring Data Redis repositories in DEFAULT mode.
14:28:08:578  INFO 14784 --- [main] .s.d.r.c.RepositoryConfigurationDelegate : Finished Spring Data repository scanning in 5 ms. Found 0 Redis repository interfaces.
14:28:08:737  INFO 14784 --- [main] o.s.cloud.context.scope.GenericScope     : BeanFactory id=6c130322-e97e-3bb2-9d4e-2f9421e585cb
14:28:09:067  INFO 14784 --- [main] o.s.b.w.embedded.tomcat.TomcatWebServer  : Tomcat initialized with port(s): 8081 (http)
14:28:09:076  INFO 14784 --- [main] o.apache.catalina.core.StandardService   : Starting service [Tomcat]
14:28:09:076  INFO 14784 --- [main] org.apache.catalina.core.StandardEngine  : Starting Servlet engine: [Apache Tomcat/9.0.75]
14:28:09:211  INFO 14784 --- [main] o.a.c.c.C.[Tomcat].[localhost].[/]       : Initializing Spring embedded WebApplicationContext
14:28:09:212  INFO 14784 --- [main] w.s.c.ServletWebServerApplicationContext : Root WebApplicationContext: initialization completed in 1285 ms
14:28:10:171  INFO 14784 --- [main] pertySourcedRequestMappingHandlerMapping : Mapped URL path [/v2/api-docs] onto method [springfox.documentation.swagger2.web.Swagger2ControllerWebMvc#getDocumentation(String, HttpServletRequest)]
14:28:10:764  INFO 14784 --- [main] com.alibaba.nacos.common.remote.client   : [RpcClientFactory] create a new rpc client of b32c3617-2a1e-4bed-b486-8b5c4987287f
14:28:10:804  INFO 14784 --- [main] org.reflections.Reflections              : Reflections took 23 ms to scan 1 urls, producing 3 keys and 6 values 
14:28:10:818  INFO 14784 --- [main] org.reflections.Reflections              : Reflections took 6 ms to scan 1 urls, producing 4 keys and 9 values 
14:28:10:824  INFO 14784 --- [main] org.reflections.Reflections              : Reflections took 4 ms to scan 1 urls, producing 3 keys and 10 values 
14:28:10:828  WARN 14784 --- [main] org.reflections.Reflections              : given scan urls are empty. set urls in the configuration
14:28:10:832  INFO 14784 --- [main] org.reflections.Reflections              : Reflections took 4 ms to scan 1 urls, producing 1 keys and 5 values 
14:28:10:839  INFO 14784 --- [main] org.reflections.Reflections              : Reflections took 5 ms to scan 1 urls, producing 1 keys and 7 values 
14:28:10:844  INFO 14784 --- [main] org.reflections.Reflections              : Reflections took 4 ms to scan 1 urls, producing 2 keys and 8 values 
14:28:10:845  WARN 14784 --- [main] org.reflections.Reflections              : given scan urls are empty. set urls in the configuration
14:28:10:846  INFO 14784 --- [main] com.alibaba.nacos.common.remote.client   : [b32c3617-2a1e-4bed-b486-8b5c4987287f] RpcClient init label, labels = {module=naming, source=sdk}
14:28:10:848  INFO 14784 --- [main] com.alibaba.nacos.common.remote.client   : [b32c3617-2a1e-4bed-b486-8b5c4987287f] RpcClient init, ServerListFactory = com.alibaba.nacos.client.naming.core.ServerListManager
14:28:10:849  INFO 14784 --- [main] com.alibaba.nacos.common.remote.client   : [b32c3617-2a1e-4bed-b486-8b5c4987287f] Registry connection listener to current client:com.alibaba.nacos.client.naming.remote.gprc.redo.NamingGrpcRedoService
14:28:10:849  INFO 14784 --- [main] com.alibaba.nacos.common.remote.client   : [b32c3617-2a1e-4bed-b486-8b5c4987287f] Register server push request handler:com.alibaba.nacos.client.naming.remote.gprc.NamingPushRequestHandler
14:28:10:850  INFO 14784 --- [main] com.alibaba.nacos.common.remote.client   : [b32c3617-2a1e-4bed-b486-8b5c4987287f] Try to connect to server on start up, server: {serverIp = '192.168.1.144', server main port = 8848}
14:28:11:700  INFO 14784 --- [main] com.alibaba.nacos.common.remote.client   : [b32c3617-2a1e-4bed-b486-8b5c4987287f] Success to connect to server [192.168.1.144:8848] on start up, connectionId = 1755152891534_192.168.1.117_57892
14:28:11:700  INFO 14784 --- [com.alibaba.nacos.client.remote.worker] com.alibaba.nacos.common.remote.client   : [b32c3617-2a1e-4bed-b486-8b5c4987287f] Notify connected event to listeners.
14:28:11:700  INFO 14784 --- [main] com.alibaba.nacos.common.remote.client   : [b32c3617-2a1e-4bed-b486-8b5c4987287f] Register server push request handler:com.alibaba.nacos.common.remote.client.RpcClient$ConnectResetRequestHandler
14:28:11:701  INFO 14784 --- [main] com.alibaba.nacos.common.remote.client   : [b32c3617-2a1e-4bed-b486-8b5c4987287f] Register server push request handler:com.alibaba.nacos.common.remote.client.RpcClient$$Lambda$1106/0x000000080184db68
14:28:11:736  INFO 14784 --- [main] o.s.b.w.embedded.tomcat.TomcatWebServer  : Tomcat started on port(s): 8081 (http) with context path ''
14:28:11:747  INFO 14784 --- [main] c.a.c.n.registry.NacosServiceRegistry    : nacos registry, DEFAULT_GROUP item-service 192.168.1.1:8081 register finished
14:28:11:986  INFO 14784 --- [main] d.s.w.p.DocumentationPluginsBootstrapper : Documentation plugins bootstrapped
14:28:11:987  INFO 14784 --- [main] d.s.w.p.DocumentationPluginsBootstrapper : Found 1 custom documentation plugin(s)
14:28:12:005  INFO 14784 --- [main] s.d.s.w.s.ApiListingReferenceScanner     : Scanning for api listing references
14:28:12:096  INFO 14784 --- [main] com.hmall.item.ItemApplication           : Started ItemApplication in 4.859 seconds (JVM running for 5.413)
14:28:12:231  INFO 14784 --- [nacos-grpc-client-executor-9] com.alibaba.nacos.common.remote.client   : [b32c3617-2a1e-4bed-b486-8b5c4987287f] Receive server push request, request = NotifySubscriberRequest, requestId = 15
14:28:12:234  INFO 14784 --- [nacos-grpc-client-executor-9] com.alibaba.nacos.common.remote.client   : [b32c3617-2a1e-4bed-b486-8b5c4987287f] Ack server push request, request = NotifySubscriberRequest, requestId = 15
14:29:06:559  INFO 14784 --- [http-nio-8081-exec-1] o.a.c.c.C.[Tomcat].[localhost].[/]       : Initializing Spring DispatcherServlet 'dispatcherServlet'
14:29:06:559  INFO 14784 --- [http-nio-8081-exec-1] o.s.web.servlet.DispatcherServlet        : Initializing Servlet 'dispatcherServlet'
14:29:06:560  INFO 14784 --- [http-nio-8081-exec-1] o.s.web.servlet.DispatcherServlet        : Completed initialization in 1 ms
14:29:06:622  INFO 14784 --- [http-nio-8081-exec-1] com.zaxxer.hikari.HikariDataSource       : HikariPool-1 - Starting...
14:29:06:846  INFO 14784 --- [http-nio-8081-exec-1] com.zaxxer.hikari.HikariDataSource       : HikariPool-1 - Start completed.
14:29:06:853 DEBUG 14784 --- [http-nio-8081-exec-1] c.h.i.mapper.ItemMapper.selectBatchIds   : ==>  Preparing: SELECT id,name,price,stock,image,category,brand,spec,sold,comment_count,isAD,status,create_time,update_time,creater,updater FROM item WHERE id IN ( ? )
14:29:06:872 DEBUG 14784 --- [http-nio-8081-exec-1] c.h.i.mapper.ItemMapper.selectBatchIds   : ==> Parameters: 100000006163(Long)
14:29:06:895 DEBUG 14784 --- [http-nio-8081-exec-1] c.h.i.mapper.ItemMapper.selectBatchIds   : <==      Total: 1
14:29:44:626 DEBUG 14784 --- [http-nio-8081-exec-3] c.h.i.mapper.ItemMapper.selectBatchIds   : ==>  Preparing: SELECT id,name,price,stock,image,category,brand,spec,sold,comment_count,isAD,status,create_time,update_time,creater,updater FROM item WHERE id IN ( ? )
14:29:44:626 DEBUG 14784 --- [http-nio-8081-exec-3] c.h.i.mapper.ItemMapper.selectBatchIds   : ==> Parameters: 100000006163(Long)
14:29:44:629 DEBUG 14784 --- [http-nio-8081-exec-3] c.h.i.mapper.ItemMapper.selectBatchIds   : <==      Total: 1
14:29:51:350 DEBUG 14784 --- [http-nio-8081-exec-2] c.h.i.mapper.ItemMapper.selectBatchIds   : ==>  Preparing: SELECT id,name,price,stock,image,category,brand,spec,sold,comment_count,isAD,status,create_time,update_time,creater,updater FROM item WHERE id IN ( ? )
14:29:51:351 DEBUG 14784 --- [http-nio-8081-exec-2] c.h.i.mapper.ItemMapper.selectBatchIds   : ==> Parameters: 100000006163(Long)
14:29:51:354 DEBUG 14784 --- [http-nio-8081-exec-2] c.h.i.mapper.ItemMapper.selectBatchIds   : <==      Total: 1
14:30:18:392 DEBUG 14784 --- [http-nio-8081-exec-4] c.h.i.mapper.ItemMapper.selectBatchIds   : ==>  Preparing: SELECT id,name,price,stock,image,category,brand,spec,sold,comment_count,isAD,status,create_time,update_time,creater,updater FROM item WHERE id IN ( ? )
14:30:18:393 DEBUG 14784 --- [http-nio-8081-exec-4] c.h.i.mapper.ItemMapper.selectBatchIds   : ==> Parameters: 100000006163(Long)
14:30:18:398 DEBUG 14784 --- [http-nio-8081-exec-4] c.h.i.mapper.ItemMapper.selectBatchIds   : <==      Total: 1
14:30:22:188 DEBUG 14784 --- [http-nio-8081-exec-5] c.h.i.mapper.ItemMapper.selectBatchIds   : ==>  Preparing: SELECT id,name,price,stock,image,category,brand,spec,sold,comment_count,isAD,status,create_time,update_time,creater,updater FROM item WHERE id IN ( ? )
14:30:22:188 DEBUG 14784 --- [http-nio-8081-exec-5] c.h.i.mapper.ItemMapper.selectBatchIds   : ==> Parameters: 100000006163(Long)
14:30:22:190 DEBUG 14784 --- [http-nio-8081-exec-5] c.h.i.mapper.ItemMapper.selectBatchIds   : <==      Total: 1
14:30:24:424 DEBUG 14784 --- [http-nio-8081-exec-6] c.h.i.mapper.ItemMapper.selectBatchIds   : ==>  Preparing: SELECT id,name,price,stock,image,category,brand,spec,sold,comment_count,isAD,status,create_time,update_time,creater,updater FROM item WHERE id IN ( ? )
14:30:24:424 DEBUG 14784 --- [http-nio-8081-exec-6] c.h.i.mapper.ItemMapper.selectBatchIds   : ==> Parameters: 100000006163(Long)
14:30:24:440 DEBUG 14784 --- [http-nio-8081-exec-6] c.h.i.mapper.ItemMapper.selectBatchIds   : <==      Total: 1
14:33:58:263  WARN 14784 --- [Thread-7] c.a.n.common.http.HttpClientBeanHolder   : [HttpClientBeanHolder] Start destroying common HttpClient
14:33:58:263  WARN 14784 --- [Thread-4] c.a.nacos.common.notify.NotifyCenter     : [NotifyCenter] Start destroying Publisher
14:33:58:263  WARN 14784 --- [Thread-4] c.a.nacos.common.notify.NotifyCenter     : [NotifyCenter] Destruction of the end
14:33:58:264  WARN 14784 --- [Thread-7] c.a.n.common.http.HttpClientBeanHolder   : [HttpClientBeanHolder] Destruction of the end
14:33:58:354  INFO 14784 --- [SpringApplicationShutdownHook] c.a.c.n.registry.NacosServiceRegistry    : De-registering from Nacos Server now...
14:33:58:359  INFO 14784 --- [SpringApplicationShutdownHook] c.a.c.n.registry.NacosServiceRegistry    : De-registration finished.
14:33:58:683  INFO 14784 --- [SpringApplicationShutdownHook] com.alibaba.nacos.common.remote.client   : Shutdown rpc client, set status to shutdown
14:33:58:683  INFO 14784 --- [SpringApplicationShutdownHook] com.alibaba.nacos.common.remote.client   : Shutdown client event executor java.util.concurrent.ScheduledThreadPoolExecutor@495f7ca4[Running, pool size = 2, active threads = 2, queued tasks = 0, completed tasks = 0]
14:33:58:683  INFO 14784 --- [SpringApplicationShutdownHook] com.alibaba.nacos.common.remote.client   : Close current connection 1755152891534_192.168.1.117_57892
14:33:58:686  INFO 14784 --- [nacos-grpc-client-executor-88] c.a.n.c.remote.client.grpc.GrpcClient    : [1755152891534_192.168.1.117_57892]Ignore complete event,isRunning:false,isAbandon=false
14:33:58:686  INFO 14784 --- [SpringApplicationShutdownHook] c.a.n.c.remote.client.grpc.GrpcClient    : Shutdown grpc executor java.util.concurrent.ThreadPoolExecutor@129aaac1[Running, pool size = 5, active threads = 0, queued tasks = 0, completed tasks = 89]
14:33:58:690  INFO 14784 --- [SpringApplicationShutdownHook] com.zaxxer.hikari.HikariDataSource       : HikariPool-1 - Shutdown initiated...
14:33:58:704  INFO 14784 --- [SpringApplicationShutdownHook] com.zaxxer.hikari.HikariDataSource       : HikariPool-1 - Shutdown completed.
